27-03-2023 22:39:22 INFO  AlquilerDAO:106 - 1 -- 2023-03-09 -- 1 -- 2
27-03-2023 22:53:04 INFO  AlquilerDAO:45 - Añadido el alquiler:2
27-03-2023 22:58:35 INFO  AlquilerDAO:80 - Modificado el alquiler:0
27-03-2023 23:01:23 INFO  AlquilerDAO:57 - buscado el alquiler:2
27-03-2023 23:01:23 INFO  LogHelper:31 - HHH000204: Processing PersistenceUnitInfo [name: videoclub_pro]
27-03-2023 23:01:23 WARN  pooling:75 - HHH10001002: Using Hibernate built-in connection pool (not for production use!)
27-03-2023 23:01:23 INFO  pooling:119 - HHH10001005: using driver [com.mysql.jdbc.Driver] at URL [jdbc:mysql://localhost:3306/videoclub_pro]
27-03-2023 23:01:23 INFO  pooling:128 - HHH10001001: Connection properties: {password=****, user=root}
27-03-2023 23:01:23 INFO  pooling:132 - HHH10001003: Autocommit mode: false
27-03-2023 23:01:23 INFO  DriverManagerConnectionProviderImpl:322 - HHH000115: Hibernate connection pool size: 20 (min=1)
27-03-2023 23:01:23 INFO  Dialect:175 - HHH000400: Using dialect: org.hibernate.dialect.MySQL5InnoDBDialect
27-03-2023 23:01:24 INFO  access:48 - HHH10001501: Connection obtained from JdbcConnectionAccess [org.hibernate.engine.jdbc.env.internal.JdbcEnvironmentInitiator$ConnectionProviderJdbcConnectionAccess@3850e90c] for (non-JTA) DDL execution was not in auto-commit mode; the Connection 'local transaction' will be committed and the Connection will be set into auto-commit mode.
27-03-2023 23:01:24 INFO  JtaPlatformInitiator:52 - HHH000490: Using JtaPlatform implementation: [org.hibernate.engine.transaction.jta.platform.internal.NoJtaPlatform]
27-03-2023 23:01:24 INFO  AlquilerDAO:80 - Modificado el alquiler:2
27-03-2023 23:06:40 INFO  AlquilerDAO:57 - buscado el alquiler:3
27-03-2023 23:06:40 INFO  LogHelper:31 - HHH000204: Processing PersistenceUnitInfo [name: videoclub_pro]
27-03-2023 23:06:40 WARN  pooling:75 - HHH10001002: Using Hibernate built-in connection pool (not for production use!)
27-03-2023 23:06:40 INFO  pooling:119 - HHH10001005: using driver [com.mysql.jdbc.Driver] at URL [jdbc:mysql://localhost:3306/videoclub_pro]
27-03-2023 23:06:40 INFO  pooling:128 - HHH10001001: Connection properties: {password=****, user=root}
27-03-2023 23:06:40 INFO  pooling:132 - HHH10001003: Autocommit mode: false
27-03-2023 23:06:40 INFO  DriverManagerConnectionProviderImpl:322 - HHH000115: Hibernate connection pool size: 20 (min=1)
27-03-2023 23:06:40 INFO  Dialect:175 - HHH000400: Using dialect: org.hibernate.dialect.MySQL5InnoDBDialect
27-03-2023 23:06:40 INFO  access:48 - HHH10001501: Connection obtained from JdbcConnectionAccess [org.hibernate.engine.jdbc.env.internal.JdbcEnvironmentInitiator$ConnectionProviderJdbcConnectionAccess@4cffcc61] for (non-JTA) DDL execution was not in auto-commit mode; the Connection 'local transaction' will be committed and the Connection will be set into auto-commit mode.
27-03-2023 23:06:40 INFO  JtaPlatformInitiator:52 - HHH000490: Using JtaPlatform implementation: [org.hibernate.engine.transaction.jta.platform.internal.NoJtaPlatform]
27-03-2023 23:16:11 INFO  AlquilerDAO:57 - buscado el alquiler:3
27-03-2023 23:16:11 INFO  LogHelper:31 - HHH000204: Processing PersistenceUnitInfo [name: videoclub_pro]
27-03-2023 23:16:12 WARN  pooling:75 - HHH10001002: Using Hibernate built-in connection pool (not for production use!)
27-03-2023 23:16:12 INFO  pooling:119 - HHH10001005: using driver [com.mysql.jdbc.Driver] at URL [jdbc:mysql://localhost:3306/videoclub_pro]
27-03-2023 23:16:12 INFO  pooling:128 - HHH10001001: Connection properties: {password=****, user=root}
27-03-2023 23:16:12 INFO  pooling:132 - HHH10001003: Autocommit mode: false
27-03-2023 23:16:12 INFO  DriverManagerConnectionProviderImpl:322 - HHH000115: Hibernate connection pool size: 20 (min=1)
27-03-2023 23:16:12 INFO  Dialect:175 - HHH000400: Using dialect: org.hibernate.dialect.MySQL5InnoDBDialect
27-03-2023 23:16:12 INFO  access:48 - HHH10001501: Connection obtained from JdbcConnectionAccess [org.hibernate.engine.jdbc.env.internal.JdbcEnvironmentInitiator$ConnectionProviderJdbcConnectionAccess@49fb0bbd] for (non-JTA) DDL execution was not in auto-commit mode; the Connection 'local transaction' will be committed and the Connection will be set into auto-commit mode.
27-03-2023 23:16:12 INFO  JtaPlatformInitiator:52 - HHH000490: Using JtaPlatform implementation: [org.hibernate.engine.transaction.jta.platform.internal.NoJtaPlatform]
27-03-2023 23:25:02 INFO  AlquilerDAO:57 - buscado el alquiler:3
27-03-2023 23:25:02 INFO  LogHelper:31 - HHH000204: Processing PersistenceUnitInfo [name: videoclub_pro]
27-03-2023 23:25:02 WARN  pooling:75 - HHH10001002: Using Hibernate built-in connection pool (not for production use!)
27-03-2023 23:25:02 INFO  pooling:119 - HHH10001005: using driver [com.mysql.jdbc.Driver] at URL [jdbc:mysql://localhost:3306/videoclub_pro]
27-03-2023 23:25:02 INFO  pooling:128 - HHH10001001: Connection properties: {password=****, user=root}
27-03-2023 23:25:02 INFO  pooling:132 - HHH10001003: Autocommit mode: false
27-03-2023 23:25:02 INFO  DriverManagerConnectionProviderImpl:322 - HHH000115: Hibernate connection pool size: 20 (min=1)
27-03-2023 23:25:02 INFO  Dialect:175 - HHH000400: Using dialect: org.hibernate.dialect.MySQL5InnoDBDialect
27-03-2023 23:25:03 INFO  access:48 - HHH10001501: Connection obtained from JdbcConnectionAccess [org.hibernate.engine.jdbc.env.internal.JdbcEnvironmentInitiator$ConnectionProviderJdbcConnectionAccess@4373f66f] for (non-JTA) DDL execution was not in auto-commit mode; the Connection 'local transaction' will be committed and the Connection will be set into auto-commit mode.
27-03-2023 23:25:03 INFO  JtaPlatformInitiator:52 - HHH000490: Using JtaPlatform implementation: [org.hibernate.engine.transaction.jta.platform.internal.NoJtaPlatform]
27-03-2023 23:31:10 INFO  AlquilerDAO:71 - Eliminado el alquiler:3
27-03-2023 23:32:36 INFO  AlquilerDAO:71 - Eliminado el alquiler:2
27-03-2023 23:38:04 INFO  AlquilerDAO:98 - Listar: 1 -- 2023-03-09 -- 1 -- 2
27-03-2023 23:47:56 ERROR InternalServerError:111 - There was an exception while trying to navigate to 'Alquileres'
org.springframework.beans.factory.BeanCreationException: Error creating bean with name 'org.ieschabas.views.alquileres.AlquileresView': Instantiation of bean failed; nested exception is org.springframework.beans.BeanInstantiationException: Failed to instantiate [org.ieschabas.views.alquileres.AlquileresView]: Constructor threw exception; nested exception is java.lang.ClassCastException: class org.ieschabas.clases.Alquiler cannot be cast to class org.ieschabas.clases.Alquiler (org.ieschabas.clases.Alquiler is in unnamed module of loader 'app'; org.ieschabas.clases.Alquiler is in unnamed module of loader org.springframework.boot.devtools.restart.classloader.RestartClassLoader @1af78a1d)
	at org.springframework.beans.factory.support.AbstractAutowireCapableBeanFactory.instantiateBean(AbstractAutowireCapableBeanFactory.java:1334)
	at org.springframework.beans.factory.support.AbstractAutowireCapableBeanFactory.createBeanInstance(AbstractAutowireCapableBeanFactory.java:1232)
	at org.springframework.beans.factory.support.AbstractAutowireCapableBeanFactory.doCreateBean(AbstractAutowireCapableBeanFactory.java:582)
	at org.springframework.beans.factory.support.AbstractAutowireCapableBeanFactory.createBean(AbstractAutowireCapableBeanFactory.java:542)
	at org.springframework.beans.factory.support.AbstractAutowireCapableBeanFactory.createBean(AbstractAutowireCapableBeanFactory.java:332)
	at com.vaadin.flow.spring.SpringInstantiator.getOrCreate(SpringInstantiator.java:117)
	at com.vaadin.flow.di.Instantiator.createRouteTarget(Instantiator.java:193)
	at com.vaadin.flow.router.internal.AbstractNavigationStateRenderer.lambda$getRouteTarget$1(AbstractNavigationStateRenderer.java:132)
	at java.base/java.util.Optional.orElseGet(Optional.java:364)
	at com.vaadin.flow.router.internal.AbstractNavigationStateRenderer.getRouteTarget(AbstractNavigationStateRenderer.java:131)
	at com.vaadin.flow.router.internal.AbstractNavigationStateRenderer.sendBeforeEnterEventAndPopulateChain(AbstractNavigationStateRenderer.java:492)
	at com.vaadin.flow.router.internal.AbstractNavigationStateRenderer.createChainIfEmptyAndExecuteBeforeEnterNavigation(AbstractNavigationStateRenderer.java:473)
	at com.vaadin.flow.router.internal.AbstractNavigationStateRenderer.handle(AbstractNavigationStateRenderer.java:211)
	at com.vaadin.flow.component.internal.JavaScriptNavigationStateRenderer.handle(JavaScriptNavigationStateRenderer.java:78)
	at com.vaadin.flow.component.internal.JavaScriptBootstrapUI.handleNavigation(JavaScriptBootstrapUI.java:322)
	at com.vaadin.flow.component.internal.JavaScriptBootstrapUI.renderViewForRoute(JavaScriptBootstrapUI.java:285)
	at com.vaadin.flow.component.internal.JavaScriptBootstrapUI.lambda$connectClient$cfbe2c41$1(JavaScriptBootstrapUI.java:147)
	at com.vaadin.flow.component.internal.JavaScriptBootstrapUI.connectClient(JavaScriptBootstrapUI.java:155)
	at java.base/jdk.internal.reflect.NativeMethodAccessorImpl.invoke0(Native Method)
	at java.base/jdk.internal.reflect.NativeMethodAccessorImpl.invoke(NativeMethodAccessorImpl.java:77)
	at java.base/jdk.internal.reflect.DelegatingMethodAccessorImpl.invoke(DelegatingMethodAccessorImpl.java:43)
	at java.base/java.lang.reflect.Method.invoke(Method.java:568)
	at com.vaadin.flow.server.communication.rpc.PublishedServerEventHandlerRpcHandler.invokeMethod(PublishedServerEventHandlerRpcHandler.java:222)
	at com.vaadin.flow.server.communication.rpc.PublishedServerEventHandlerRpcHandler.invokeMethod(PublishedServerEventHandlerRpcHandler.java:199)
	at com.vaadin.flow.server.communication.rpc.PublishedServerEventHandlerRpcHandler.invokeMethod(PublishedServerEventHandlerRpcHandler.java:149)
	at com.vaadin.flow.server.communication.rpc.PublishedServerEventHandlerRpcHandler.handleNode(PublishedServerEventHandlerRpcHandler.java:132)
	at com.vaadin.flow.server.communication.rpc.AbstractRpcInvocationHandler.handle(AbstractRpcInvocationHandler.java:75)
	at com.vaadin.flow.server.communication.ServerRpcHandler.handleInvocationData(ServerRpcHandler.java:438)
	at com.vaadin.flow.server.communication.ServerRpcHandler.lambda$handleInvocations$1(ServerRpcHandler.java:419)
	at java.base/java.util.ArrayList.forEach(ArrayList.java:1511)
	at com.vaadin.flow.server.communication.ServerRpcHandler.handleInvocations(ServerRpcHandler.java:419)
	at com.vaadin.flow.server.communication.ServerRpcHandler.handleRpc(ServerRpcHandler.java:320)
	at com.vaadin.flow.server.communication.UidlRequestHandler.synchronizedHandleRequest(UidlRequestHandler.java:115)
	at com.vaadin.flow.server.SynchronizedRequestHandler.handleRequest(SynchronizedRequestHandler.java:40)
	at com.vaadin.flow.server.VaadinService.handleRequest(VaadinService.java:1564)
	at com.vaadin.flow.server.VaadinServlet.service(VaadinServlet.java:369)
	at com.vaadin.flow.spring.SpringServlet.service(SpringServlet.java:106)
	at javax.servlet.http.HttpServlet.service(HttpServlet.java:779)
	at org.apache.catalina.core.ApplicationFilterChain.internalDoFilter(ApplicationFilterChain.java:227)
	at org.apache.catalina.core.ApplicationFilterChain.doFilter(ApplicationFilterChain.java:162)
	at org.apache.catalina.core.ApplicationDispatcher.invoke(ApplicationDispatcher.java:711)
	at org.apache.catalina.core.ApplicationDispatcher.processRequest(ApplicationDispatcher.java:459)
	at org.apache.catalina.core.ApplicationDispatcher.doForward(ApplicationDispatcher.java:353)
	at org.apache.catalina.core.ApplicationDispatcher.forward(ApplicationDispatcher.java:313)
	at org.springframework.web.servlet.mvc.ServletForwardingController.handleRequestInternal(ServletForwardingController.java:141)
	at org.springframework.web.servlet.mvc.AbstractController.handleRequest(AbstractController.java:177)
	at org.springframework.web.servlet.mvc.SimpleControllerHandlerAdapter.handle(SimpleControllerHandlerAdapter.java:51)
	at org.springframework.web.servlet.DispatcherServlet.doDispatch(DispatcherServlet.java:1071)
	at org.springframework.web.servlet.DispatcherServlet.doService(DispatcherServlet.java:964)
	at org.springframework.web.servlet.FrameworkServlet.processRequest(FrameworkServlet.java:1006)
	at org.springframework.web.servlet.FrameworkServlet.doPost(FrameworkServlet.java:909)
	at javax.servlet.http.HttpServlet.service(HttpServlet.java:696)
	at org.springframework.web.servlet.FrameworkServlet.service(FrameworkServlet.java:883)
	at javax.servlet.http.HttpServlet.service(HttpServlet.java:779)
	at org.apache.catalina.core.ApplicationFilterChain.internalDoFilter(ApplicationFilterChain.java:227)
	at org.apache.catalina.core.ApplicationFilterChain.doFilter(ApplicationFilterChain.java:162)
	at org.apache.tomcat.websocket.server.WsFilter.doFilter(WsFilter.java:53)
	at org.apache.catalina.core.ApplicationFilterChain.internalDoFilter(ApplicationFilterChain.java:189)
	at org.apache.catalina.core.ApplicationFilterChain.doFilter(ApplicationFilterChain.java:162)
	at org.springframework.web.filter.RequestContextFilter.doFilterInternal(RequestContextFilter.java:100)
	at org.springframework.web.filter.OncePerRequestFilter.doFilter(OncePerRequestFilter.java:117)
	at org.apache.catalina.core.ApplicationFilterChain.internalDoFilter(ApplicationFilterChain.java:189)
	at org.apache.catalina.core.ApplicationFilterChain.doFilter(ApplicationFilterChain.java:162)
	at org.springframework.web.filter.FormContentFilter.doFilterInternal(FormContentFilter.java:93)
	at org.springframework.web.filter.OncePerRequestFilter.doFilter(OncePerRequestFilter.java:117)
	at org.apache.catalina.core.ApplicationFilterChain.internalDoFilter(ApplicationFilterChain.java:189)
	at org.apache.catalina.core.ApplicationFilterChain.doFilter(ApplicationFilterChain.java:162)
	at org.springframework.web.filter.CharacterEncodingFilter.doFilterInternal(CharacterEncodingFilter.java:201)
	at org.springframework.web.filter.OncePerRequestFilter.doFilter(OncePerRequestFilter.java:117)
	at org.apache.catalina.core.ApplicationFilterChain.internalDoFilter(ApplicationFilterChain.java:189)
	at org.apache.catalina.core.ApplicationFilterChain.doFilter(ApplicationFilterChain.java:162)
	at org.apache.catalina.core.StandardWrapperValve.invoke(StandardWrapperValve.java:177)
	at org.apache.catalina.core.StandardContextValve.invoke(StandardContextValve.java:97)
	at org.apache.catalina.authenticator.AuthenticatorBase.invoke(AuthenticatorBase.java:541)
	at org.apache.catalina.core.StandardHostValve.invoke(StandardHostValve.java:135)
	at org.apache.catalina.valves.ErrorReportValve.invoke(ErrorReportValve.java:92)
	at org.apache.catalina.core.StandardEngineValve.invoke(StandardEngineValve.java:78)
	at org.apache.catalina.connector.CoyoteAdapter.service(CoyoteAdapter.java:360)
	at org.apache.coyote.http11.Http11Processor.service(Http11Processor.java:399)
	at org.apache.coyote.AbstractProcessorLight.process(AbstractProcessorLight.java:65)
	at org.apache.coyote.AbstractProtocol$ConnectionHandler.process(AbstractProtocol.java:891)
	at org.apache.tomcat.util.net.NioEndpoint$SocketProcessor.doRun(NioEndpoint.java:1784)
	at org.apache.tomcat.util.net.SocketProcessorBase.run(SocketProcessorBase.java:49)
	at org.apache.tomcat.util.threads.ThreadPoolExecutor.runWorker(ThreadPoolExecutor.java:1191)
	at org.apache.tomcat.util.threads.ThreadPoolExecutor$Worker.run(ThreadPoolExecutor.java:659)
	at org.apache.tomcat.util.threads.TaskThread$WrappingRunnable.run(TaskThread.java:61)
	at java.base/java.lang.Thread.run(Thread.java:833)
Caused by: org.springframework.beans.BeanInstantiationException: Failed to instantiate [org.ieschabas.views.alquileres.AlquileresView]: Constructor threw exception; nested exception is java.lang.ClassCastException: class org.ieschabas.clases.Alquiler cannot be cast to class org.ieschabas.clases.Alquiler (org.ieschabas.clases.Alquiler is in unnamed module of loader 'app'; org.ieschabas.clases.Alquiler is in unnamed module of loader org.springframework.boot.devtools.restart.classloader.RestartClassLoader @1af78a1d)
	at org.springframework.beans.BeanUtils.instantiateClass(BeanUtils.java:224)
	at org.springframework.beans.factory.support.SimpleInstantiationStrategy.instantiate(SimpleInstantiationStrategy.java:87)
	at org.springframework.beans.factory.support.AbstractAutowireCapableBeanFactory.instantiateBean(AbstractAutowireCapableBeanFactory.java:1326)
	... 86 more
Caused by: java.lang.ClassCastException: class org.ieschabas.clases.Alquiler cannot be cast to class org.ieschabas.clases.Alquiler (org.ieschabas.clases.Alquiler is in unnamed module of loader 'app'; org.ieschabas.clases.Alquiler is in unnamed module of loader org.springframework.boot.devtools.restart.classloader.RestartClassLoader @1af78a1d)
	at org.ieschabas.daos.AlquilerDAO.listar(AlquilerDAO.java:100)
	at org.ieschabas.views.alquileres.AlquileresView.rellenarTabla(AlquileresView.java:176)
	at org.ieschabas.views.alquileres.AlquileresView.crearTabla(AlquileresView.java:57)
	at org.ieschabas.views.alquileres.AlquileresView.<init>(AlquileresView.java:41)
	at java.base/jdk.internal.reflect.NativeConstructorAccessorImpl.newInstance0(Native Method)
	at java.base/jdk.internal.reflect.NativeConstructorAccessorImpl.newInstance(NativeConstructorAccessorImpl.java:77)
	at java.base/jdk.internal.reflect.DelegatingConstructorAccessorImpl.newInstance(DelegatingConstructorAccessorImpl.java:45)
	at java.base/java.lang.reflect.Constructor.newInstanceWithCaller(Constructor.java:499)
	at java.base/java.lang.reflect.Constructor.newInstance(Constructor.java:480)
	at org.springframework.beans.BeanUtils.instantiateClass(BeanUtils.java:211)
	... 88 more
27-03-2023 23:54:06 ERROR InternalServerError:111 - There was an exception while trying to navigate to 'Alquileres'
org.springframework.beans.factory.BeanCreationException: Error creating bean with name 'org.ieschabas.views.alquileres.AlquileresView': Instantiation of bean failed; nested exception is org.springframework.beans.BeanInstantiationException: Failed to instantiate [org.ieschabas.views.alquileres.AlquileresView]: Constructor threw exception; nested exception is java.lang.ClassCastException: class org.ieschabas.clases.Alquiler cannot be cast to class org.ieschabas.clases.Alquiler (org.ieschabas.clases.Alquiler is in unnamed module of loader 'app'; org.ieschabas.clases.Alquiler is in unnamed module of loader org.springframework.boot.devtools.restart.classloader.RestartClassLoader @1af78a1d)
	at org.springframework.beans.factory.support.AbstractAutowireCapableBeanFactory.instantiateBean(AbstractAutowireCapableBeanFactory.java:1334)
	at org.springframework.beans.factory.support.AbstractAutowireCapableBeanFactory.createBeanInstance(AbstractAutowireCapableBeanFactory.java:1232)
	at org.springframework.beans.factory.support.AbstractAutowireCapableBeanFactory.doCreateBean(AbstractAutowireCapableBeanFactory.java:582)
	at org.springframework.beans.factory.support.AbstractAutowireCapableBeanFactory.createBean(AbstractAutowireCapableBeanFactory.java:542)
	at org.springframework.beans.factory.support.AbstractAutowireCapableBeanFactory.createBean(AbstractAutowireCapableBeanFactory.java:332)
	at com.vaadin.flow.spring.SpringInstantiator.getOrCreate(SpringInstantiator.java:117)
	at com.vaadin.flow.di.Instantiator.createRouteTarget(Instantiator.java:193)
	at com.vaadin.flow.router.internal.AbstractNavigationStateRenderer.lambda$getRouteTarget$1(AbstractNavigationStateRenderer.java:132)
	at java.base/java.util.Optional.orElseGet(Optional.java:364)
	at com.vaadin.flow.router.internal.AbstractNavigationStateRenderer.getRouteTarget(AbstractNavigationStateRenderer.java:131)
	at com.vaadin.flow.router.internal.AbstractNavigationStateRenderer.sendBeforeEnterEventAndPopulateChain(AbstractNavigationStateRenderer.java:492)
	at com.vaadin.flow.router.internal.AbstractNavigationStateRenderer.createChainIfEmptyAndExecuteBeforeEnterNavigation(AbstractNavigationStateRenderer.java:473)
	at com.vaadin.flow.router.internal.AbstractNavigationStateRenderer.handle(AbstractNavigationStateRenderer.java:211)
	at com.vaadin.flow.component.internal.JavaScriptNavigationStateRenderer.handle(JavaScriptNavigationStateRenderer.java:78)
	at com.vaadin.flow.component.internal.JavaScriptBootstrapUI.handleNavigation(JavaScriptBootstrapUI.java:322)
	at com.vaadin.flow.component.internal.JavaScriptBootstrapUI.renderViewForRoute(JavaScriptBootstrapUI.java:285)
	at com.vaadin.flow.component.internal.JavaScriptBootstrapUI.lambda$connectClient$cfbe2c41$1(JavaScriptBootstrapUI.java:147)
	at com.vaadin.flow.component.internal.JavaScriptBootstrapUI.connectClient(JavaScriptBootstrapUI.java:155)
	at java.base/jdk.internal.reflect.NativeMethodAccessorImpl.invoke0(Native Method)
	at java.base/jdk.internal.reflect.NativeMethodAccessorImpl.invoke(NativeMethodAccessorImpl.java:77)
	at java.base/jdk.internal.reflect.DelegatingMethodAccessorImpl.invoke(DelegatingMethodAccessorImpl.java:43)
	at java.base/java.lang.reflect.Method.invoke(Method.java:568)
	at com.vaadin.flow.server.communication.rpc.PublishedServerEventHandlerRpcHandler.invokeMethod(PublishedServerEventHandlerRpcHandler.java:222)
	at com.vaadin.flow.server.communication.rpc.PublishedServerEventHandlerRpcHandler.invokeMethod(PublishedServerEventHandlerRpcHandler.java:199)
	at com.vaadin.flow.server.communication.rpc.PublishedServerEventHandlerRpcHandler.invokeMethod(PublishedServerEventHandlerRpcHandler.java:149)
	at com.vaadin.flow.server.communication.rpc.PublishedServerEventHandlerRpcHandler.handleNode(PublishedServerEventHandlerRpcHandler.java:132)
	at com.vaadin.flow.server.communication.rpc.AbstractRpcInvocationHandler.handle(AbstractRpcInvocationHandler.java:75)
	at com.vaadin.flow.server.communication.ServerRpcHandler.handleInvocationData(ServerRpcHandler.java:438)
	at com.vaadin.flow.server.communication.ServerRpcHandler.lambda$handleInvocations$1(ServerRpcHandler.java:419)
	at java.base/java.util.ArrayList.forEach(ArrayList.java:1511)
	at com.vaadin.flow.server.communication.ServerRpcHandler.handleInvocations(ServerRpcHandler.java:419)
	at com.vaadin.flow.server.communication.ServerRpcHandler.handleRpc(ServerRpcHandler.java:320)
	at com.vaadin.flow.server.communication.UidlRequestHandler.synchronizedHandleRequest(UidlRequestHandler.java:115)
	at com.vaadin.flow.server.SynchronizedRequestHandler.handleRequest(SynchronizedRequestHandler.java:40)
	at com.vaadin.flow.server.VaadinService.handleRequest(VaadinService.java:1564)
	at com.vaadin.flow.server.VaadinServlet.service(VaadinServlet.java:369)
	at com.vaadin.flow.spring.SpringServlet.service(SpringServlet.java:106)
	at javax.servlet.http.HttpServlet.service(HttpServlet.java:779)
	at org.apache.catalina.core.ApplicationFilterChain.internalDoFilter(ApplicationFilterChain.java:227)
	at org.apache.catalina.core.ApplicationFilterChain.doFilter(ApplicationFilterChain.java:162)
	at org.apache.catalina.core.ApplicationDispatcher.invoke(ApplicationDispatcher.java:711)
	at org.apache.catalina.core.ApplicationDispatcher.processRequest(ApplicationDispatcher.java:459)
	at org.apache.catalina.core.ApplicationDispatcher.doForward(ApplicationDispatcher.java:353)
	at org.apache.catalina.core.ApplicationDispatcher.forward(ApplicationDispatcher.java:313)
	at org.springframework.web.servlet.mvc.ServletForwardingController.handleRequestInternal(ServletForwardingController.java:141)
	at org.springframework.web.servlet.mvc.AbstractController.handleRequest(AbstractController.java:177)
	at org.springframework.web.servlet.mvc.SimpleControllerHandlerAdapter.handle(SimpleControllerHandlerAdapter.java:51)
	at org.springframework.web.servlet.DispatcherServlet.doDispatch(DispatcherServlet.java:1071)
	at org.springframework.web.servlet.DispatcherServlet.doService(DispatcherServlet.java:964)
	at org.springframework.web.servlet.FrameworkServlet.processRequest(FrameworkServlet.java:1006)
	at org.springframework.web.servlet.FrameworkServlet.doPost(FrameworkServlet.java:909)
	at javax.servlet.http.HttpServlet.service(HttpServlet.java:696)
	at org.springframework.web.servlet.FrameworkServlet.service(FrameworkServlet.java:883)
	at javax.servlet.http.HttpServlet.service(HttpServlet.java:779)
	at org.apache.catalina.core.ApplicationFilterChain.internalDoFilter(ApplicationFilterChain.java:227)
	at org.apache.catalina.core.ApplicationFilterChain.doFilter(ApplicationFilterChain.java:162)
	at org.apache.tomcat.websocket.server.WsFilter.doFilter(WsFilter.java:53)
	at org.apache.catalina.core.ApplicationFilterChain.internalDoFilter(ApplicationFilterChain.java:189)
	at org.apache.catalina.core.ApplicationFilterChain.doFilter(ApplicationFilterChain.java:162)
	at org.springframework.web.filter.RequestContextFilter.doFilterInternal(RequestContextFilter.java:100)
	at org.springframework.web.filter.OncePerRequestFilter.doFilter(OncePerRequestFilter.java:117)
	at org.apache.catalina.core.ApplicationFilterChain.internalDoFilter(ApplicationFilterChain.java:189)
	at org.apache.catalina.core.ApplicationFilterChain.doFilter(ApplicationFilterChain.java:162)
	at org.springframework.web.filter.FormContentFilter.doFilterInternal(FormContentFilter.java:93)
	at org.springframework.web.filter.OncePerRequestFilter.doFilter(OncePerRequestFilter.java:117)
	at org.apache.catalina.core.ApplicationFilterChain.internalDoFilter(ApplicationFilterChain.java:189)
	at org.apache.catalina.core.ApplicationFilterChain.doFilter(ApplicationFilterChain.java:162)
	at org.springframework.web.filter.CharacterEncodingFilter.doFilterInternal(CharacterEncodingFilter.java:201)
	at org.springframework.web.filter.OncePerRequestFilter.doFilter(OncePerRequestFilter.java:117)
	at org.apache.catalina.core.ApplicationFilterChain.internalDoFilter(ApplicationFilterChain.java:189)
	at org.apache.catalina.core.ApplicationFilterChain.doFilter(ApplicationFilterChain.java:162)
	at org.apache.catalina.core.StandardWrapperValve.invoke(StandardWrapperValve.java:177)
	at org.apache.catalina.core.StandardContextValve.invoke(StandardContextValve.java:97)
	at org.apache.catalina.authenticator.AuthenticatorBase.invoke(AuthenticatorBase.java:541)
	at org.apache.catalina.core.StandardHostValve.invoke(StandardHostValve.java:135)
	at org.apache.catalina.valves.ErrorReportValve.invoke(ErrorReportValve.java:92)
	at org.apache.catalina.core.StandardEngineValve.invoke(StandardEngineValve.java:78)
	at org.apache.catalina.connector.CoyoteAdapter.service(CoyoteAdapter.java:360)
	at org.apache.coyote.http11.Http11Processor.service(Http11Processor.java:399)
	at org.apache.coyote.AbstractProcessorLight.process(AbstractProcessorLight.java:65)
	at org.apache.coyote.AbstractProtocol$ConnectionHandler.process(AbstractProtocol.java:891)
	at org.apache.tomcat.util.net.NioEndpoint$SocketProcessor.doRun(NioEndpoint.java:1784)
	at org.apache.tomcat.util.net.SocketProcessorBase.run(SocketProcessorBase.java:49)
	at org.apache.tomcat.util.threads.ThreadPoolExecutor.runWorker(ThreadPoolExecutor.java:1191)
	at org.apache.tomcat.util.threads.ThreadPoolExecutor$Worker.run(ThreadPoolExecutor.java:659)
	at org.apache.tomcat.util.threads.TaskThread$WrappingRunnable.run(TaskThread.java:61)
	at java.base/java.lang.Thread.run(Thread.java:833)
Caused by: org.springframework.beans.BeanInstantiationException: Failed to instantiate [org.ieschabas.views.alquileres.AlquileresView]: Constructor threw exception; nested exception is java.lang.ClassCastException: class org.ieschabas.clases.Alquiler cannot be cast to class org.ieschabas.clases.Alquiler (org.ieschabas.clases.Alquiler is in unnamed module of loader 'app'; org.ieschabas.clases.Alquiler is in unnamed module of loader org.springframework.boot.devtools.restart.classloader.RestartClassLoader @1af78a1d)
	at org.springframework.beans.BeanUtils.instantiateClass(BeanUtils.java:224)
	at org.springframework.beans.factory.support.SimpleInstantiationStrategy.instantiate(SimpleInstantiationStrategy.java:87)
	at org.springframework.beans.factory.support.AbstractAutowireCapableBeanFactory.instantiateBean(AbstractAutowireCapableBeanFactory.java:1326)
	... 86 more
Caused by: java.lang.ClassCastException: class org.ieschabas.clases.Alquiler cannot be cast to class org.ieschabas.clases.Alquiler (org.ieschabas.clases.Alquiler is in unnamed module of loader 'app'; org.ieschabas.clases.Alquiler is in unnamed module of loader org.springframework.boot.devtools.restart.classloader.RestartClassLoader @1af78a1d)
	at org.ieschabas.daos.AlquilerDAO.listar(AlquilerDAO.java:100)
	at org.ieschabas.views.alquileres.AlquileresView.rellenarTabla(AlquileresView.java:176)
	at org.ieschabas.views.alquileres.AlquileresView.crearTabla(AlquileresView.java:57)
	at org.ieschabas.views.alquileres.AlquileresView.<init>(AlquileresView.java:41)
	at java.base/jdk.internal.reflect.NativeConstructorAccessorImpl.newInstance0(Native Method)
	at java.base/jdk.internal.reflect.NativeConstructorAccessorImpl.newInstance(NativeConstructorAccessorImpl.java:77)
	at java.base/jdk.internal.reflect.DelegatingConstructorAccessorImpl.newInstance(DelegatingConstructorAccessorImpl.java:45)
	at java.base/java.lang.reflect.Constructor.newInstanceWithCaller(Constructor.java:499)
	at java.base/java.lang.reflect.Constructor.newInstance(Constructor.java:480)
	at org.springframework.beans.BeanUtils.instantiateClass(BeanUtils.java:211)
	... 88 more
27-03-2023 23:57:58 INFO  LogHelper:31 - HHH000204: Processing PersistenceUnitInfo [name: videoclub_pro]
27-03-2023 23:57:58 WARN  pooling:75 - HHH10001002: Using Hibernate built-in connection pool (not for production use!)
27-03-2023 23:57:58 INFO  pooling:119 - HHH10001005: using driver [com.mysql.jdbc.Driver] at URL [jdbc:mysql://localhost:3306/videoclub_pro]
27-03-2023 23:57:58 INFO  pooling:128 - HHH10001001: Connection properties: {password=****, user=root}
27-03-2023 23:57:58 INFO  pooling:132 - HHH10001003: Autocommit mode: false
27-03-2023 23:57:58 INFO  DriverManagerConnectionProviderImpl:322 - HHH000115: Hibernate connection pool size: 20 (min=1)
27-03-2023 23:57:58 INFO  Dialect:175 - HHH000400: Using dialect: org.hibernate.dialect.MySQL5InnoDBDialect
27-03-2023 23:57:58 INFO  access:48 - HHH10001501: Connection obtained from JdbcConnectionAccess [org.hibernate.engine.jdbc.env.internal.JdbcEnvironmentInitiator$ConnectionProviderJdbcConnectionAccess@567d82] for (non-JTA) DDL execution was not in auto-commit mode; the Connection 'local transaction' will be committed and the Connection will be set into auto-commit mode.
27-03-2023 23:57:58 INFO  JtaPlatformInitiator:52 - HHH000490: Using JtaPlatform implementation: [org.hibernate.engine.transaction.jta.platform.internal.NoJtaPlatform]
27-03-2023 23:57:58 ERROR InternalServerError:111 - There was an exception while trying to navigate to 'Alquileres'
org.springframework.beans.factory.BeanCreationException: Error creating bean with name 'org.ieschabas.views.alquileres.AlquileresView': Instantiation of bean failed; nested exception is org.springframework.beans.BeanInstantiationException: Failed to instantiate [org.ieschabas.views.alquileres.AlquileresView]: Constructor threw exception; nested exception is java.lang.ClassCastException: class org.ieschabas.clases.Alquiler cannot be cast to class org.ieschabas.clases.Alquiler (org.ieschabas.clases.Alquiler is in unnamed module of loader 'app'; org.ieschabas.clases.Alquiler is in unnamed module of loader org.springframework.boot.devtools.restart.classloader.RestartClassLoader @1af78a1d)
	at org.springframework.beans.factory.support.AbstractAutowireCapableBeanFactory.instantiateBean(AbstractAutowireCapableBeanFactory.java:1334)
	at org.springframework.beans.factory.support.AbstractAutowireCapableBeanFactory.createBeanInstance(AbstractAutowireCapableBeanFactory.java:1232)
	at org.springframework.beans.factory.support.AbstractAutowireCapableBeanFactory.doCreateBean(AbstractAutowireCapableBeanFactory.java:582)
	at org.springframework.beans.factory.support.AbstractAutowireCapableBeanFactory.createBean(AbstractAutowireCapableBeanFactory.java:542)
	at org.springframework.beans.factory.support.AbstractAutowireCapableBeanFactory.createBean(AbstractAutowireCapableBeanFactory.java:332)
	at com.vaadin.flow.spring.SpringInstantiator.getOrCreate(SpringInstantiator.java:117)
	at com.vaadin.flow.di.Instantiator.createRouteTarget(Instantiator.java:193)
	at com.vaadin.flow.router.internal.AbstractNavigationStateRenderer.lambda$getRouteTarget$1(AbstractNavigationStateRenderer.java:132)
	at java.base/java.util.Optional.orElseGet(Optional.java:364)
	at com.vaadin.flow.router.internal.AbstractNavigationStateRenderer.getRouteTarget(AbstractNavigationStateRenderer.java:131)
	at com.vaadin.flow.router.internal.AbstractNavigationStateRenderer.sendBeforeEnterEventAndPopulateChain(AbstractNavigationStateRenderer.java:492)
	at com.vaadin.flow.router.internal.AbstractNavigationStateRenderer.createChainIfEmptyAndExecuteBeforeEnterNavigation(AbstractNavigationStateRenderer.java:473)
	at com.vaadin.flow.router.internal.AbstractNavigationStateRenderer.handle(AbstractNavigationStateRenderer.java:211)
	at com.vaadin.flow.component.internal.JavaScriptNavigationStateRenderer.handle(JavaScriptNavigationStateRenderer.java:78)
	at com.vaadin.flow.component.internal.JavaScriptBootstrapUI.handleNavigation(JavaScriptBootstrapUI.java:322)
	at com.vaadin.flow.component.internal.JavaScriptBootstrapUI.renderViewForRoute(JavaScriptBootstrapUI.java:285)
	at com.vaadin.flow.component.internal.JavaScriptBootstrapUI.connectClient(JavaScriptBootstrapUI.java:151)
	at java.base/jdk.internal.reflect.NativeMethodAccessorImpl.invoke0(Native Method)
	at java.base/jdk.internal.reflect.NativeMethodAccessorImpl.invoke(NativeMethodAccessorImpl.java:77)
	at java.base/jdk.internal.reflect.DelegatingMethodAccessorImpl.invoke(DelegatingMethodAccessorImpl.java:43)
	at java.base/java.lang.reflect.Method.invoke(Method.java:568)
	at com.vaadin.flow.server.communication.rpc.PublishedServerEventHandlerRpcHandler.invokeMethod(PublishedServerEventHandlerRpcHandler.java:222)
	at com.vaadin.flow.server.communication.rpc.PublishedServerEventHandlerRpcHandler.invokeMethod(PublishedServerEventHandlerRpcHandler.java:199)
	at com.vaadin.flow.server.communication.rpc.PublishedServerEventHandlerRpcHandler.invokeMethod(PublishedServerEventHandlerRpcHandler.java:149)
	at com.vaadin.flow.server.communication.rpc.PublishedServerEventHandlerRpcHandler.handleNode(PublishedServerEventHandlerRpcHandler.java:132)
	at com.vaadin.flow.server.communication.rpc.AbstractRpcInvocationHandler.handle(AbstractRpcInvocationHandler.java:75)
	at com.vaadin.flow.server.communication.ServerRpcHandler.handleInvocationData(ServerRpcHandler.java:438)
	at com.vaadin.flow.server.communication.ServerRpcHandler.lambda$handleInvocations$1(ServerRpcHandler.java:419)
	at java.base/java.util.ArrayList.forEach(ArrayList.java:1511)
	at com.vaadin.flow.server.communication.ServerRpcHandler.handleInvocations(ServerRpcHandler.java:419)
	at com.vaadin.flow.server.communication.ServerRpcHandler.handleRpc(ServerRpcHandler.java:320)
	at com.vaadin.flow.server.communication.UidlRequestHandler.synchronizedHandleRequest(UidlRequestHandler.java:115)
	at com.vaadin.flow.server.SynchronizedRequestHandler.handleRequest(SynchronizedRequestHandler.java:40)
	at com.vaadin.flow.server.VaadinService.handleRequest(VaadinService.java:1564)
	at com.vaadin.flow.server.VaadinServlet.service(VaadinServlet.java:369)
	at com.vaadin.flow.spring.SpringServlet.service(SpringServlet.java:106)
	at javax.servlet.http.HttpServlet.service(HttpServlet.java:779)
	at org.apache.catalina.core.ApplicationFilterChain.internalDoFilter(ApplicationFilterChain.java:227)
	at org.apache.catalina.core.ApplicationFilterChain.doFilter(ApplicationFilterChain.java:162)
	at org.apache.catalina.core.ApplicationDispatcher.invoke(ApplicationDispatcher.java:711)
	at org.apache.catalina.core.ApplicationDispatcher.processRequest(ApplicationDispatcher.java:459)
	at org.apache.catalina.core.ApplicationDispatcher.doForward(ApplicationDispatcher.java:353)
	at org.apache.catalina.core.ApplicationDispatcher.forward(ApplicationDispatcher.java:313)
	at org.springframework.web.servlet.mvc.ServletForwardingController.handleRequestInternal(ServletForwardingController.java:141)
	at org.springframework.web.servlet.mvc.AbstractController.handleRequest(AbstractController.java:177)
	at org.springframework.web.servlet.mvc.SimpleControllerHandlerAdapter.handle(SimpleControllerHandlerAdapter.java:51)
	at org.springframework.web.servlet.DispatcherServlet.doDispatch(DispatcherServlet.java:1071)
	at org.springframework.web.servlet.DispatcherServlet.doService(DispatcherServlet.java:964)
	at org.springframework.web.servlet.FrameworkServlet.processRequest(FrameworkServlet.java:1006)
	at org.springframework.web.servlet.FrameworkServlet.doPost(FrameworkServlet.java:909)
	at javax.servlet.http.HttpServlet.service(HttpServlet.java:696)
	at org.springframework.web.servlet.FrameworkServlet.service(FrameworkServlet.java:883)
	at javax.servlet.http.HttpServlet.service(HttpServlet.java:779)
	at org.apache.catalina.core.ApplicationFilterChain.internalDoFilter(ApplicationFilterChain.java:227)
	at org.apache.catalina.core.ApplicationFilterChain.doFilter(ApplicationFilterChain.java:162)
	at org.apache.tomcat.websocket.server.WsFilter.doFilter(WsFilter.java:53)
	at org.apache.catalina.core.ApplicationFilterChain.internalDoFilter(ApplicationFilterChain.java:189)
	at org.apache.catalina.core.ApplicationFilterChain.doFilter(ApplicationFilterChain.java:162)
	at org.springframework.web.filter.RequestContextFilter.doFilterInternal(RequestContextFilter.java:100)
	at org.springframework.web.filter.OncePerRequestFilter.doFilter(OncePerRequestFilter.java:117)
	at org.apache.catalina.core.ApplicationFilterChain.internalDoFilter(ApplicationFilterChain.java:189)
	at org.apache.catalina.core.ApplicationFilterChain.doFilter(ApplicationFilterChain.java:162)
	at org.springframework.web.filter.FormContentFilter.doFilterInternal(FormContentFilter.java:93)
	at org.springframework.web.filter.OncePerRequestFilter.doFilter(OncePerRequestFilter.java:117)
	at org.apache.catalina.core.ApplicationFilterChain.internalDoFilter(ApplicationFilterChain.java:189)
	at org.apache.catalina.core.ApplicationFilterChain.doFilter(ApplicationFilterChain.java:162)
	at org.springframework.web.filter.CharacterEncodingFilter.doFilterInternal(CharacterEncodingFilter.java:201)
	at org.springframework.web.filter.OncePerRequestFilter.doFilter(OncePerRequestFilter.java:117)
	at org.apache.catalina.core.ApplicationFilterChain.internalDoFilter(ApplicationFilterChain.java:189)
	at org.apache.catalina.core.ApplicationFilterChain.doFilter(ApplicationFilterChain.java:162)
	at org.apache.catalina.core.StandardWrapperValve.invoke(StandardWrapperValve.java:177)
	at org.apache.catalina.core.StandardContextValve.invoke(StandardContextValve.java:97)
	at org.apache.catalina.authenticator.AuthenticatorBase.invoke(AuthenticatorBase.java:541)
	at org.apache.catalina.core.StandardHostValve.invoke(StandardHostValve.java:135)
	at org.apache.catalina.valves.ErrorReportValve.invoke(ErrorReportValve.java:92)
	at org.apache.catalina.core.StandardEngineValve.invoke(StandardEngineValve.java:78)
	at org.apache.catalina.connector.CoyoteAdapter.service(CoyoteAdapter.java:360)
	at org.apache.coyote.http11.Http11Processor.service(Http11Processor.java:399)
	at org.apache.coyote.AbstractProcessorLight.process(AbstractProcessorLight.java:65)
	at org.apache.coyote.AbstractProtocol$ConnectionHandler.process(AbstractProtocol.java:891)
	at org.apache.tomcat.util.net.NioEndpoint$SocketProcessor.doRun(NioEndpoint.java:1784)
	at org.apache.tomcat.util.net.SocketProcessorBase.run(SocketProcessorBase.java:49)
	at org.apache.tomcat.util.threads.ThreadPoolExecutor.runWorker(ThreadPoolExecutor.java:1191)
	at org.apache.tomcat.util.threads.ThreadPoolExecutor$Worker.run(ThreadPoolExecutor.java:659)
	at org.apache.tomcat.util.threads.TaskThread$WrappingRunnable.run(TaskThread.java:61)
	at java.base/java.lang.Thread.run(Thread.java:833)
Caused by: org.springframework.beans.BeanInstantiationException: Failed to instantiate [org.ieschabas.views.alquileres.AlquileresView]: Constructor threw exception; nested exception is java.lang.ClassCastException: class org.ieschabas.clases.Alquiler cannot be cast to class org.ieschabas.clases.Alquiler (org.ieschabas.clases.Alquiler is in unnamed module of loader 'app'; org.ieschabas.clases.Alquiler is in unnamed module of loader org.springframework.boot.devtools.restart.classloader.RestartClassLoader @1af78a1d)
	at org.springframework.beans.BeanUtils.instantiateClass(BeanUtils.java:224)
	at org.springframework.beans.factory.support.SimpleInstantiationStrategy.instantiate(SimpleInstantiationStrategy.java:87)
	at org.springframework.beans.factory.support.AbstractAutowireCapableBeanFactory.instantiateBean(AbstractAutowireCapableBeanFactory.java:1326)
	... 85 more
Caused by: java.lang.ClassCastException: class org.ieschabas.clases.Alquiler cannot be cast to class org.ieschabas.clases.Alquiler (org.ieschabas.clases.Alquiler is in unnamed module of loader 'app'; org.ieschabas.clases.Alquiler is in unnamed module of loader org.springframework.boot.devtools.restart.classloader.RestartClassLoader @1af78a1d)
	at org.ieschabas.daos.AlquilerDAO.listar(AlquilerDAO.java:100)
	at org.ieschabas.views.alquileres.AlquileresView.rellenarTabla(AlquileresView.java:176)
	at org.ieschabas.views.alquileres.AlquileresView.crearTabla(AlquileresView.java:57)
	at org.ieschabas.views.alquileres.AlquileresView.<init>(AlquileresView.java:41)
	at java.base/jdk.internal.reflect.NativeConstructorAccessorImpl.newInstance0(Native Method)
	at java.base/jdk.internal.reflect.NativeConstructorAccessorImpl.newInstance(NativeConstructorAccessorImpl.java:77)
	at java.base/jdk.internal.reflect.DelegatingConstructorAccessorImpl.newInstance(DelegatingConstructorAccessorImpl.java:45)
	at java.base/java.lang.reflect.Constructor.newInstanceWithCaller(Constructor.java:499)
	at java.base/java.lang.reflect.Constructor.newInstance(Constructor.java:480)
	at org.springframework.beans.BeanUtils.instantiateClass(BeanUtils.java:211)
	... 87 more
28-03-2023 00:09:03 ERROR InternalServerError:111 - There was an exception while trying to navigate to 'Alquileres'
org.springframework.beans.factory.BeanCreationException: Error creating bean with name 'org.ieschabas.views.alquileres.AlquileresView': Instantiation of bean failed; nested exception is org.springframework.beans.BeanInstantiationException: Failed to instantiate [org.ieschabas.views.alquileres.AlquileresView]: Constructor threw exception; nested exception is java.lang.ClassCastException: class org.ieschabas.clases.Alquiler cannot be cast to class org.ieschabas.clases.Alquiler (org.ieschabas.clases.Alquiler is in unnamed module of loader 'app'; org.ieschabas.clases.Alquiler is in unnamed module of loader org.springframework.boot.devtools.restart.classloader.RestartClassLoader @1592874e)
	at org.springframework.beans.factory.support.AbstractAutowireCapableBeanFactory.instantiateBean(AbstractAutowireCapableBeanFactory.java:1334)
	at org.springframework.beans.factory.support.AbstractAutowireCapableBeanFactory.createBeanInstance(AbstractAutowireCapableBeanFactory.java:1232)
	at org.springframework.beans.factory.support.AbstractAutowireCapableBeanFactory.doCreateBean(AbstractAutowireCapableBeanFactory.java:582)
	at org.springframework.beans.factory.support.AbstractAutowireCapableBeanFactory.createBean(AbstractAutowireCapableBeanFactory.java:542)
	at org.springframework.beans.factory.support.AbstractAutowireCapableBeanFactory.createBean(AbstractAutowireCapableBeanFactory.java:332)
	at com.vaadin.flow.spring.SpringInstantiator.getOrCreate(SpringInstantiator.java:117)
	at com.vaadin.flow.di.Instantiator.createRouteTarget(Instantiator.java:193)
	at com.vaadin.flow.router.internal.AbstractNavigationStateRenderer.lambda$getRouteTarget$1(AbstractNavigationStateRenderer.java:132)
	at java.base/java.util.Optional.orElseGet(Optional.java:364)
	at com.vaadin.flow.router.internal.AbstractNavigationStateRenderer.getRouteTarget(AbstractNavigationStateRenderer.java:131)
	at com.vaadin.flow.router.internal.AbstractNavigationStateRenderer.sendBeforeEnterEventAndPopulateChain(AbstractNavigationStateRenderer.java:492)
	at com.vaadin.flow.router.internal.AbstractNavigationStateRenderer.createChainIfEmptyAndExecuteBeforeEnterNavigation(AbstractNavigationStateRenderer.java:473)
	at com.vaadin.flow.router.internal.AbstractNavigationStateRenderer.handle(AbstractNavigationStateRenderer.java:211)
	at com.vaadin.flow.component.internal.JavaScriptNavigationStateRenderer.handle(JavaScriptNavigationStateRenderer.java:78)
	at com.vaadin.flow.component.internal.JavaScriptBootstrapUI.handleNavigation(JavaScriptBootstrapUI.java:322)
	at com.vaadin.flow.component.internal.JavaScriptBootstrapUI.renderViewForRoute(JavaScriptBootstrapUI.java:285)
	at com.vaadin.flow.component.internal.JavaScriptBootstrapUI.lambda$connectClient$cfbe2c41$1(JavaScriptBootstrapUI.java:147)
	at com.vaadin.flow.component.internal.JavaScriptBootstrapUI.connectClient(JavaScriptBootstrapUI.java:155)
	at java.base/jdk.internal.reflect.NativeMethodAccessorImpl.invoke0(Native Method)
	at java.base/jdk.internal.reflect.NativeMethodAccessorImpl.invoke(NativeMethodAccessorImpl.java:77)
	at java.base/jdk.internal.reflect.DelegatingMethodAccessorImpl.invoke(DelegatingMethodAccessorImpl.java:43)
	at java.base/java.lang.reflect.Method.invoke(Method.java:568)
	at com.vaadin.flow.server.communication.rpc.PublishedServerEventHandlerRpcHandler.invokeMethod(PublishedServerEventHandlerRpcHandler.java:222)
	at com.vaadin.flow.server.communication.rpc.PublishedServerEventHandlerRpcHandler.invokeMethod(PublishedServerEventHandlerRpcHandler.java:199)
	at com.vaadin.flow.server.communication.rpc.PublishedServerEventHandlerRpcHandler.invokeMethod(PublishedServerEventHandlerRpcHandler.java:149)
	at com.vaadin.flow.server.communication.rpc.PublishedServerEventHandlerRpcHandler.handleNode(PublishedServerEventHandlerRpcHandler.java:132)
	at com.vaadin.flow.server.communication.rpc.AbstractRpcInvocationHandler.handle(AbstractRpcInvocationHandler.java:75)
	at com.vaadin.flow.server.communication.ServerRpcHandler.handleInvocationData(ServerRpcHandler.java:438)
	at com.vaadin.flow.server.communication.ServerRpcHandler.lambda$handleInvocations$1(ServerRpcHandler.java:419)
	at java.base/java.util.ArrayList.forEach(ArrayList.java:1511)
	at com.vaadin.flow.server.communication.ServerRpcHandler.handleInvocations(ServerRpcHandler.java:419)
	at com.vaadin.flow.server.communication.ServerRpcHandler.handleRpc(ServerRpcHandler.java:320)
	at com.vaadin.flow.server.communication.UidlRequestHandler.synchronizedHandleRequest(UidlRequestHandler.java:115)
	at com.vaadin.flow.server.SynchronizedRequestHandler.handleRequest(SynchronizedRequestHandler.java:40)
	at com.vaadin.flow.server.VaadinService.handleRequest(VaadinService.java:1564)
	at com.vaadin.flow.server.VaadinServlet.service(VaadinServlet.java:369)
	at com.vaadin.flow.spring.SpringServlet.service(SpringServlet.java:106)
	at javax.servlet.http.HttpServlet.service(HttpServlet.java:779)
	at org.apache.catalina.core.ApplicationFilterChain.internalDoFilter(ApplicationFilterChain.java:227)
	at org.apache.catalina.core.ApplicationFilterChain.doFilter(ApplicationFilterChain.java:162)
	at org.apache.catalina.core.ApplicationDispatcher.invoke(ApplicationDispatcher.java:711)
	at org.apache.catalina.core.ApplicationDispatcher.processRequest(ApplicationDispatcher.java:459)
	at org.apache.catalina.core.ApplicationDispatcher.doForward(ApplicationDispatcher.java:353)
	at org.apache.catalina.core.ApplicationDispatcher.forward(ApplicationDispatcher.java:313)
	at org.springframework.web.servlet.mvc.ServletForwardingController.handleRequestInternal(ServletForwardingController.java:141)
	at org.springframework.web.servlet.mvc.AbstractController.handleRequest(AbstractController.java:177)
	at org.springframework.web.servlet.mvc.SimpleControllerHandlerAdapter.handle(SimpleControllerHandlerAdapter.java:51)
	at org.springframework.web.servlet.DispatcherServlet.doDispatch(DispatcherServlet.java:1071)
	at org.springframework.web.servlet.DispatcherServlet.doService(DispatcherServlet.java:964)
	at org.springframework.web.servlet.FrameworkServlet.processRequest(FrameworkServlet.java:1006)
	at org.springframework.web.servlet.FrameworkServlet.doPost(FrameworkServlet.java:909)
	at javax.servlet.http.HttpServlet.service(HttpServlet.java:696)
	at org.springframework.web.servlet.FrameworkServlet.service(FrameworkServlet.java:883)
	at javax.servlet.http.HttpServlet.service(HttpServlet.java:779)
	at org.apache.catalina.core.ApplicationFilterChain.internalDoFilter(ApplicationFilterChain.java:227)
	at org.apache.catalina.core.ApplicationFilterChain.doFilter(ApplicationFilterChain.java:162)
	at org.apache.tomcat.websocket.server.WsFilter.doFilter(WsFilter.java:53)
	at org.apache.catalina.core.ApplicationFilterChain.internalDoFilter(ApplicationFilterChain.java:189)
	at org.apache.catalina.core.ApplicationFilterChain.doFilter(ApplicationFilterChain.java:162)
	at org.springframework.web.filter.RequestContextFilter.doFilterInternal(RequestContextFilter.java:100)
	at org.springframework.web.filter.OncePerRequestFilter.doFilter(OncePerRequestFilter.java:117)
	at org.apache.catalina.core.ApplicationFilterChain.internalDoFilter(ApplicationFilterChain.java:189)
	at org.apache.catalina.core.ApplicationFilterChain.doFilter(ApplicationFilterChain.java:162)
	at org.springframework.web.filter.FormContentFilter.doFilterInternal(FormContentFilter.java:93)
	at org.springframework.web.filter.OncePerRequestFilter.doFilter(OncePerRequestFilter.java:117)
	at org.apache.catalina.core.ApplicationFilterChain.internalDoFilter(ApplicationFilterChain.java:189)
	at org.apache.catalina.core.ApplicationFilterChain.doFilter(ApplicationFilterChain.java:162)
	at org.springframework.web.filter.CharacterEncodingFilter.doFilterInternal(CharacterEncodingFilter.java:201)
	at org.springframework.web.filter.OncePerRequestFilter.doFilter(OncePerRequestFilter.java:117)
	at org.apache.catalina.core.ApplicationFilterChain.internalDoFilter(ApplicationFilterChain.java:189)
	at org.apache.catalina.core.ApplicationFilterChain.doFilter(ApplicationFilterChain.java:162)
	at org.apache.catalina.core.StandardWrapperValve.invoke(StandardWrapperValve.java:177)
	at org.apache.catalina.core.StandardContextValve.invoke(StandardContextValve.java:97)
	at org.apache.catalina.authenticator.AuthenticatorBase.invoke(AuthenticatorBase.java:541)
	at org.apache.catalina.core.StandardHostValve.invoke(StandardHostValve.java:135)
	at org.apache.catalina.valves.ErrorReportValve.invoke(ErrorReportValve.java:92)
	at org.apache.catalina.core.StandardEngineValve.invoke(StandardEngineValve.java:78)
	at org.apache.catalina.connector.CoyoteAdapter.service(CoyoteAdapter.java:360)
	at org.apache.coyote.http11.Http11Processor.service(Http11Processor.java:399)
	at org.apache.coyote.AbstractProcessorLight.process(AbstractProcessorLight.java:65)
	at org.apache.coyote.AbstractProtocol$ConnectionHandler.process(AbstractProtocol.java:891)
	at org.apache.tomcat.util.net.NioEndpoint$SocketProcessor.doRun(NioEndpoint.java:1784)
	at org.apache.tomcat.util.net.SocketProcessorBase.run(SocketProcessorBase.java:49)
	at org.apache.tomcat.util.threads.ThreadPoolExecutor.runWorker(ThreadPoolExecutor.java:1191)
	at org.apache.tomcat.util.threads.ThreadPoolExecutor$Worker.run(ThreadPoolExecutor.java:659)
	at org.apache.tomcat.util.threads.TaskThread$WrappingRunnable.run(TaskThread.java:61)
	at java.base/java.lang.Thread.run(Thread.java:833)
Caused by: org.springframework.beans.BeanInstantiationException: Failed to instantiate [org.ieschabas.views.alquileres.AlquileresView]: Constructor threw exception; nested exception is java.lang.ClassCastException: class org.ieschabas.clases.Alquiler cannot be cast to class org.ieschabas.clases.Alquiler (org.ieschabas.clases.Alquiler is in unnamed module of loader 'app'; org.ieschabas.clases.Alquiler is in unnamed module of loader org.springframework.boot.devtools.restart.classloader.RestartClassLoader @1592874e)
	at org.springframework.beans.BeanUtils.instantiateClass(BeanUtils.java:224)
	at org.springframework.beans.factory.support.SimpleInstantiationStrategy.instantiate(SimpleInstantiationStrategy.java:87)
	at org.springframework.beans.factory.support.AbstractAutowireCapableBeanFactory.instantiateBean(AbstractAutowireCapableBeanFactory.java:1326)
	... 86 more
Caused by: java.lang.ClassCastException: class org.ieschabas.clases.Alquiler cannot be cast to class org.ieschabas.clases.Alquiler (org.ieschabas.clases.Alquiler is in unnamed module of loader 'app'; org.ieschabas.clases.Alquiler is in unnamed module of loader org.springframework.boot.devtools.restart.classloader.RestartClassLoader @1592874e)
	at org.ieschabas.daos.AlquilerDAO.listar(AlquilerDAO.java:100)
	at org.ieschabas.views.alquileres.AlquileresView.rellenarTabla(AlquileresView.java:176)
	at org.ieschabas.views.alquileres.AlquileresView.crearTabla(AlquileresView.java:57)
	at org.ieschabas.views.alquileres.AlquileresView.<init>(AlquileresView.java:41)
	at java.base/jdk.internal.reflect.NativeConstructorAccessorImpl.newInstance0(Native Method)
	at java.base/jdk.internal.reflect.NativeConstructorAccessorImpl.newInstance(NativeConstructorAccessorImpl.java:77)
	at java.base/jdk.internal.reflect.DelegatingConstructorAccessorImpl.newInstance(DelegatingConstructorAccessorImpl.java:45)
	at java.base/java.lang.reflect.Constructor.newInstanceWithCaller(Constructor.java:499)
	at java.base/java.lang.reflect.Constructor.newInstance(Constructor.java:480)
	at org.springframework.beans.BeanUtils.instantiateClass(BeanUtils.java:211)
	... 88 more
